--- Logging started at Fri Aug  9 21:14:52 2024 ---
Fri Aug  9 21:14:54 2024 - Demo data: Engine RPM: 3500, Speed: 65 mph
--- Logging stopped at Fri Aug  9 21:15:19 2024 ---
--- Logging started at Fri Aug  9 21:15:22 2024 ---
Fri Aug  9 21:15:23 2024 - Demo data: Engine RPM: 3500, Speed: 65 mph
--- Logging started at Fri Aug  9 21:35:36 2024 ---
--- Logging started at Sat Aug 10 08:16:45 2024 ---
--- Logging stopped at Sat Aug 10 08:16:46 2024 ---
--- Logging started at Sat Aug 10 08:24:15 2024 ---
--- Logging stopped at Sat Aug 10 08:24:16 2024 ---
--- Logging started at Sat Aug 10 08:29:00 2024 ---
--- Logging stopped at Sat Aug 10 08:29:00 2024 ---
--- Logging started at Sat Aug 10 08:32:23 2024 ---
Sat Aug 10 08:32:24 2024 - Demo data: Engine RPM: 3500, Speed: 65 mph
--- Logging stopped at Sat Aug 10 08:32:25 2024 ---
--- Logging started at Sat Aug 10 08:34:48 2024 ---
--- Logging started at Sat Aug 10 08:42:00 2024 ---
Sat Aug 10 08:42:21 2024 - Demo data: Engine RPM: 3500, Speed: 65 mph
--- Logging started at Sat Aug 10 08:42:21 2024 ---
--- Logging stopped at Sat Aug 10 08:42:22 2024 ---
--- Logging started at Sat Aug 10 08:46:34 2024 ---
Sat Aug 10 08:46:51 2024 - Demo data: Engine RPM: 3500, Speed: 65 mph
--- Logging started at Sat Aug 10 08:46:52 2024 ---
--- Logging stopped at Sat Aug 10 08:46:53 2024 ---
--- Logging started at Sat Aug 10 11:34:07 2024 ---
--- Logging started at Sat Aug 10 11:34:08 2024 ---
